7 VELOCE CHICKS
 4.142857 
--------------------- 
Placinta Cristian 5
Grigorie Marius 2
Bulgaru Marian 0
Vincze Daniel 3
Manda Florin 7
Cobzaru Cristina 8
Buzdugan Ionut 4
--------------------- 
7 UL TRA VIOLETS
 6.000000 
--------------------- 
Cirjan Georgiana 10
Vranceanu Nicoleta 0
Biris Constantin 7
Iftimie Ioana 7
Mitrica Maria 0
Ungurean Alina 10
Florian Daniela 8
--------------------- 
7 TURBO CHARGERS
 4.571429 
--------------------- 
Druga Gheorghe 4
Dedu Nicolae 1
Fechete Gabriela 3
Codrea Gabriel 5
Hagiu Vasile 2
Angelescu Bogdan 8
Deliu Mariana 9
--------------------- 
7 TOUCANS
 5.428571 
--------------------- 
Mates Stefan 10
Oniga Catalin 7
Vass Ionela 4
Luta Adriana 3
Lupsa Valentin 0
Pascaru Ioan 6
Mladin George 8
--------------------- 
7 TNT
 2.571429 
--------------------- 
Galan Roxana 2
Leu Iulian 0
Burghelea Simona 3
Datcu Anamaria 2
Motoc Anca 7
Chirca Florentina 3
Furdui Ion 1
--------------------- 
7 TIGER LlLL YS
 8.571428 
--------------------- 
Geana Raluca 10
Moroianu Madalina 10
Prisecaru Iuliana 8
Badila Mirela 3
Ivanescu Diana 10
Catrina Irina 9
Angheluta Oana 10
--------------------- 
7 TEH DRAGONS
 7.142857 
--------------------- 
Belu Monica 9
Scutaru Claudia 0
Ana Loredana 7
Glavan Sorin 10
Pascariu Cosmin 10
Podaru Lucian 5
Borcea Ionel 9
--------------------- 
7 TEAM BUBBLICIOUS
 6.000000 
--------------------- 
Bucsa Vlad 5
Plesca Laura 3
Platon Corina 5
Dulgheru Ciprian 7
Floarea Ana 7
Dediu Dumitru 8
Balaci Ramona 7
--------------------- 
7 TARANTULAS
 5.714286 
--------------------- 
Chirea Ovidiu 9
Tuca Iulia 8
Ciocirlan Viorel 5
Vladut Valentina 10
Jurj Liliana 3
Mitrofan Radu 2
Vrinceanu Razvan 3
--------------------- 
7 
 6.000000 
--------------------- 
Nitulescu Oana-Maria 8
Coste Alin 6
Pricope Claudiu 6
Velea Carmen 6
Irimescu Catalina 10
Ciortan Robert 0
Vieriu Florina 6
--------------------- 
7 SUPER SISTERS
 2.571429 
--------------------- 
Balta Mircea 1
Zota Elena-Cristina 9
Bejenaru Alina-Elena 5
Maciuca Costel 0
Balla Dan 1
Bot Andreea-Elena 1
Gurau Camelia 1
--------------------- 
7 SUN DRAGONS
 5.714286 
--------------------- 
Dobrica Silviu 6
Pauna Dragos 4
Leahu Alina-Maria 6
Butoi Paul 9
Voinescu Maria-Cristina 7
Salagean Georgeta 7
Kocsis Laurentiu 1
--------------------- 
7 STRIKING COBRAS
 6.142857 
--------------------- 
Santa Vasilica 10
Kerekes Cristina-Elena 2
Tutuianu Petru 2
Grigoriu Liviu 10
Brinza Attila 5
Tanko Adina 5
Miclaus Andreea-Maria 9
--------------------- 
7 STINGRAYS
 6.000000 
--------------------- 
Murgu Cristina-Maria 8
Ticu Marinela 7
Bruma Veronica 10
Manciu Silvia 4
Mihoc Ileana 6
Borcan Alina-Mihaela 5
Ionel Victor 2
--------------------- 
7 STARLITE WARRIORS
 3.857143 
--------------------- 
Brasoveanu Ioana-Alexandra 0
Trasca Alexandra-Maria 2
Leca Zoltan 1
Rata Roxana-Elena 3
Oprisan Violeta 8
Stanculescu Anca-Maria 3
Badita Rodica 10
--------------------- 
7 SPRINTERS
 8.285714 
--------------------- 
Graur Ioana-Maria 7
Lazea Zsolt 8
Benea Ionut-Alexandru 8
Manu Sergiu 8
Gaman Viorica 10
Cocos Alexandru-Ionut 9
Nacu Ancuta 8
--------------------- 
7 SPEED DEMONS
 5.285714 
--------------------- 
Manaila Teodora 7
Giurca Andreea-Mihaela 7
Cuc Istvan 1
Lung Mihai-Alexandru 2
Stroie Timea 8
Stef Emilia 9
Nutu Andreea-Cristina 3
--------------------- 
7 SPARKLE GIRLS
 5.857143 
--------------------- 
Mathe Levente 10
Burciu Maria-Alexandra 9
Postelnicu Maria-Magdalena 9
Furtuna Cornelia 4
Calugaru Luminita 2
Vesa Eugen 5
Dumitras Elena-Alina 2
--------------------- 
7 SOCCER STARS
 4.428571 
--------------------- 
Varzaru Andrea 8
Suteu Tudor 5
Dragne Cornel 0
Bursuc Octavian 8
Ceausu Ilie 4
Tinca Elena-Andreea 0
Stratulat Lavinia 6
--------------------- 
7 SOCCER BRA TS
 3.142857 
--------------------- 
Blanaru Sebastian 1
Gorgan Stefania 6
Enciu Elena-Daniela 1
Mihaly Bogdan-Ionut 1
Balaceanu Danut 10
Mot Csaba 1
Chelu Roxana-Maria 2
--------------------- 
7 SNOW QUEENS
 3.857143 
--------------------- 
Din Alexandra-Ioana 3
Agache Bianca 2
Balasoiu Andra 8
Dinica Bogdan-Alexandru 7
Creanga Aurel 1
Iovan Alexandra-Elena 5
Laza Aurelia 1
--------------------- 
7 SMASHING CLOVERS
 5.428571 
--------------------- 
Cismaru Florian 9
Vornicu Nicusor 0
Zidaru Ionut-Daniel 4
Capraru Katalin 6
Prisacariu Paula 9
Vicol Marius-Ionut 6
Amza Petronela 4
--------------------- 
7 SKITTLES
 2.571429 
--------------------- 
Csiki Anca-Elena 7
Surugiu Mihail 1
Porumb Melinda 3
Hategan Ionut-Catalin 0
Ciorba Raluca-Elena 1
Bordei Diana-Maria 2
Fieraru Eniko 4
--------------------- 
7 SILVER STRIKE
 3.428571 
--------------------- 
Juganaru Erika 5
Danaila Andreea-Ioana 4
Marchis Alexandru-Mihai 4
Burtea Ioana-Cristina 1
Tudorica Laszlo 9
Iftime Alexandru-Cristian 0
Covrig Petrica 1
--------------------- 
7 SILVER KNIGHTS
 6.285714 
--------------------- 
Nicolaescu Marius-Cristian 7
Chelariu Dorina 10
Taranu Elena-Roxana 4
Purice Georgian 9
Safta Emil 2
Buzea Angela 5
Dita Dorin 7
--------------------- 
7 SHOOTING STARS
 3.857143 
--------------------- 
Hanganu Mihaita 3
Carstea Andrei-Alexandru 5
Muscalu Marius-Adrian 8
Ancuta Ionut-Cristian 3
Gutu Ionut-Adrian 4
Voiculescu Diana-Elena 0
Pascalau Elena-Alexandra 4
--------------------- 
7 SHARK BUSTERS
 3.857143 
--------------------- 
Nichita Elena-Mihaela 2
Corbu Adrian-Ionut 5
Stinga Andreea-Georgiana 0
Cioara Ioana-Andreea 6
Mogos Cristina-Mihaela 2
Voda Marius-Catalin 3
Lita Elena-Madalina 9
--------------------- 
7 SCREAMING EAGLES
 6.428571 
--------------------- 
Mezei Adelina 8
Ababei Andrei-Ionut 9
Dunca Ecaterina 10
Coca Szabolcs 4
Curca Alexandru-Daniel 8
Condurache Marilena 4
Chereches Lenuta 2
--------------------- 
7 SABRES
 3.000000 
--------------------- 
Ursachi George-Alexandru 1
Eremia Ionut-Bogdan 3
Sasu Andreea-Alexandra 8
Benedek Marius-Daniel 0
Minca Anisoara 7
Vancea Kinga 1
Ioana Oana-Andreea 1
--------------------- 
7 MUD DOGS
 3.571429 
--------------------- 
Olar Maria-Madalina 1
Pirvulescu Lidia 0
Raduta Oana-Alexandra 10
Nanu Alina-Georgiana 0
Tugui Ioan-Alexandru 3
Badulescu Alexandru-Gabriel 10

 Simona-Elena 1
--------------------- 
7 MIRAGE
 5.857143 
--------------------- 
Bora Marin 2
Jitaru Gheorghita 6
Botez Tiberiu 3
Zamfirescu Ramona-Elena 8
Tabacaru Oana-Elena 4
Goga Emanuel 10
Urs Raluca-Maria 8
--------------------- 
7 MIGHTY SONS
 3.857143 
--------------------- 
Paul Sorina 7
Gherghel Mihaela-Cristina 5
Costan Teodor 1
Stoican Tunde 4
Vladescu Alina-Cristina 2
Gruia Andreea-Roxana 6
Androne Catalin-Ionut 2
--------------------- 
7 MIGHTY LIONS
 6.142857 
--------------------- 
Abrudan Petre 9
Kadar Marcel 2
Joita Adela 7
Doroftei Maria-Mirabela 1
Nicolau Geanina 7
Ureche Costin 7
Lepadatu Elena-Loredana 10
--------------------- 
7 MIDNIGHT RAIDERS
 3.285714 
--------------------- 
Cristache Calin 8
Bulai Roxana-Mihaela 0
Virlan Annamaria 4
Gherghina Marius-Alexandru 0
Fabian Maria-Mihaela 10
Jakab Elisabeta 0
Buruiana Csilla 1
--------------------- 
7 MEN IN BLUE
 4.285714 
--------------------- 
Antonescu Alexandra-Mihaela 1
Pascal Dana 6
Danci Marius-Florin 8
Lacatusu Zsuzsanna 4
Goia Marius-Gabriel 3
Iosub Florica 6
Bordeianu Alexandru-Marian 2
--------------------- 
7 MAROON MONKEYS
 6.142857 
--------------------- 
Stuparu Mihai-Adrian 10
Vilceanu Alexandru-Nicolae 7
Stoicescu Alexandru-Florin 9
Bartha Andreea-Nicoleta 2
Balas Beata 4
Valeanu Aurelian 7
Gliga Alexandru-Constantin 4
--------------------- 
7 MAJOR TROUBLE 
 5.428571 
--------------------- 
Loghin Reka 6
Lup George-Cristian 4
Jipa Oana-Mihaela 8
Lixandru Alexandru-Bogdan 8
Ambrus Cristian-Ionut 8
Gavrilescu Madalin 0
Pruna Ildiko 4
--------------------- 
7 FURY
 5.714286 
--------------------- 
Manescu Constantin-Cosmin 9
Onica Ruxandra 8
Maria Monika 8
Bala Alexandru-Ioan 8
Vacaru Bogdan-Andrei 3
Cernea Orsolya 3
Borza Larisa 1
--------------------- 
7 FLYING DRAGONS
 5.571429 
--------------------- 
Traistaru Tatiana 9
Tudoran Andrei-Cristian 7
Barna Eva 6
Miklos Marius-Constantin 9
Mardare Dan-Alexandru 2
Rotar Adrian-Florin 2
Cruceru Mihai-Cristian 4
--------------------- 
7 FLAMES
 3.428571 
--------------------- 
Bordea Alina-Gabriela 6
Oana Elena-Ramona 0
Petrut Mihai-Andrei 4
Denes Noemi 8
Avramescu Bogdan-Constantin 5
Panaite Adrian-Nicolae 1
Velicu Gina 0
--------------------- 
7 FIREHAWKS
 5.857143 
--------------------- 
Mihaescu Ionica 9
Butnariu Florin-Alexandru 3
Neag Eduard 7
Cimpeanu Raluca-Ioana 0
Ferencz Alexandra-Cristina 8
Mutu Oana-Cristina 8
Fekete Razvan-Ionut 6
--------------------- 
7 FIREBOLTS
 5.714286 
--------------------- 
Ciornei Mioara 10
Tiron Vlad-Alexandru 4
Szakacs George-Adrian 7
Cimpean Marina 1
Mate Felicia 5
Negrila Constantin-Catalin 4
Craciunescu Manuela 9
--------------------- 
7 FIRE BLASTERS
 5.142857 
--------------------- 
Tomoiaga George-Daniel 4
Pirvan Alina-Nicoleta 7
Margarit Elena-Gabriela 8
Dragnea Stelian 2
Nastasa Daniela-Elena 7
Macarie Florin-Adrian 3
Stana Florin-Daniel 5
--------------------- 
7 FIGHTING IRISH 
 7.571429 
--------------------- 
Eftimie Angelica 9
Mihali Andreea-Daniela 4
Papuc Emoke 10
Bran Andreea-Gabriela 9
Andreica Bogdan-Mihai 6
Ivanov Cristinel 5
Muraru Maria-Andreea 10
--------------------- 
7 AZTEC
 5.857143 
--------------------- 
Mincu Delia 7
Condrea Daniel-Ionut 0
Comanescu Simona-Maria 3
Mihu Constantin-Daniel 10
Cadar Ionut-Marius 6
Botea Alina-Ioana 10
Andreescu Anca-Mihaela 5
--------------------- 
7 ATLAS
 5.714286 
--------------------- 
Obreja Cristiana 0
Anghelescu Emese 5
Mihut Ionut-Valentin 10
Vizitiu Ionut-Gabriel 8
Trofin Emanuela 10
Poenaru Marius-Andrei 2
Hutanu Florentin 5
--------------------- 
7 ANNIHILATORS
 5.000000 
--------------------- 
Todoran Mihai-Daniel 3
Amariei Lacramioara 10
Dragusin Andreea-Madalina 3
Turcanu Sandor 4
Frincu Eugenia 2
Tita Iosif 4
Fazakas Mihaela-Andreea 9
--------------------- 
7 AMERICAN EAGLES
 7.000000 
--------------------- 
Deak Maria-Alina 8
Bercea Doina 10
Mitrache Denisa 6
Truta Livia 0
Dina Natalia 8
Badiu Maria-Daniela 7
Papp Izabella 10
--------------------- 
7 ALIGATORS 
 5.571429 
--------------------- 
Nicu Elena-Simona 1
Baluta Cristian-Alexandru 5
Olah Alin-Ionut 8
Neculai Raluca-Mihaela 7
Ciocoiu Elena-Raluca 7
Balog Elena-Georgiana 4
Sanda Madalina-Elena 7
--------------------- 
7 Fratii Camataru
 6.428571 
--------------------- 
Mustata Ioana-Raluca 5
Demian Ionut-Alin 7
Ciubotariu Cristina-Andreea 8
Vilcu Alina-Florentina 3
Bogdan Iulia-Maria 8
Marinescu Virgil 9
Costache Marcela 5
--------------------- 
7 Specii
 7.428571 
--------------------- 
Muntean Alin-Constantin 9
Georgescu Adrian-Mihai 5
Nedelcu Ramona-Maria 4
Alexandru Adrian-Ioan 9
Dan Adrian-Constantin 8
Suciu Alexandru-Catalin 9
Neacsu Anca-Ioana 8
--------------------- 
7 Monster
 5.714286 
--------------------- 
Baciu Andrada 6
Paun Mihaela-Gabriela 7
Zaharia Alina-Andreea 3
Rotaru Bogdan-Nicolae 10
Marcu Cosmin-Ionut 2
Ghita Andreea-Raluca 9
Costea Florin-Cristian 3
--------------------- 
7 Iuby Duby
 5.428571 
--------------------- 
Cretu Petruta 9
Szabo Marioara 4
David Florin-Catalin 1
Diaconu Mihai-Bogdan 7
Calin Ionut-Andrei 9
Luca Carmen-Elena 6
Stancu Cristina-Alexandra 2
--------------------- 
7 Legalize
 4.857143 
--------------------- 
Dragan Constantin-Adrian 1
Rus Ionut-Cosmin 10
Stoian Loredana-Elena 0
Avram Razvan-Alexandru 4
Bucur Alexandru-Adrian 9
Filip Andrei-Bogdan 10
Pavel Ioana-Alina 0
--------------------- 
7 Free runing boys
 5.000000 
--------------------- 
Rosu Jozsef 1
Olteanu Dumitru-Daniel 4
Nita Dorel 2
Nistor Magdalena 10
Iacob Laura-Elena 9
Iancu Andrei-Mihai 6
Simion Mihai-Gabriel 3
--------------------- 
7 Clanu Nicula
 5.000000 
--------------------- 
Dumitrescu Corina-Elena 4
Roman Andrei-Catalin 4
Nicolae Norbert 4
Nagy George-Catalin 7
Manea Traian 5
Ene Roxana-Andreea 5
Lungu Bogdan-Florin 6
--------------------- 
7 Fair Play
 5.285714 
--------------------- 
Petre Mihaela-Elena 6
Coman Diana-Alexandra 7
Preda Elena-Diana 2
Tanase Cristina-Ioana 2
Lupu Adriana-Maria 6
Muresan Valerica 8
Cojocaru Adrian-Vasile 6
--------------------- 
7 Jiga Dragos
 5.000000 
--------------------- 
Iordache Nicolae-Adrian 7
Dobre Alexandru-Stefan 9
Ivan Emilian 4
Craciun Amalia 10
Balan Ioan-Adrian 0
Voicu Ioana-Roxana 1
Grigore Ionut-Marian 4
--------------------- 
7 Defending Champs
 7.571429 
--------------------- 
Mocanu Bogdan-Gabriel 10
Vlad Mihaela-Alina 7
Dragomir Marius-Bogdan 10
Badea Vladimir 2
Enache Marius-Nicolae 8
Neagu Andrei-Daniel 7
Ionita Cristian-Florin 9
--------------------- 
7 The Drifters
 7.142857 
--------------------- 
Cristea Alexandru-Marius 7
Barbu Vasile-Adrian 3
Anghel Erzsebet 10
Ungureanu Tamas 7
Dinu Claudia-Elena 10
Andrei Lorand 10
Ion Cosmina 3
--------------------- 
7 Magnificent Maniacs
 4.714286 
--------------------- 
Sandu Bogdan-Ioan 10
Stanci Alexandru-Iulian 0
Tudor Ioana-Mihaela 6
Moldovan Andra-Maria 4
Florea Mihai-Catalin 0

 Cristian-Mihai 5
Oprea Otilia 8
--------------------- 
7 Between a Walk and a Hard Pace
 6.000000 
--------------------- 
Ilie Ionut-Florin 10
Munteanu Cosmin-Alexandru 0
Vasile Grigore 2
Lazar Marius-Mihai 10
Stefan Andreea-Catalina 9
Marin Cristina-Gabriela 4
Constantin Alexandra-Georgiana 7
--------------------- 
7 Backhanded Compliments
 4.714286 
--------------------- 
Serban Cristina-Daniela 3
Mihai Andreea-Simona 5
Rusu Alina-Daniela 7
Ionescu Maria-Roxana 8
Ciobanu Elena-Claudia 1
Matei Marius-Valentin 3
Gheorghe Victoria 6
--------------------- 
7 The Waiver Wire
 4.142857 
--------------------- 
Stoica Andrei 0
Stan Adrian 4
Dumitru Elena 1
Radu Andreea 2
Pop Mihaela 6
Popescu Alexandru 10
Popa Ana-Maria 6
--------------------- 



 

 The number of teams remained is: 64 

7 VELOCE CHICKS
 4.142857 
--------------------- 
Placinta Cristian 5
Grigorie Marius 2
Bulgaru Marian 0
Vincze Daniel 3
Manda Florin 7
Cobzaru Cristina 8
Buzdugan Ionut 4
--------------------- 
7 UL TRA VIOLETS
 6.000000 
--------------------- 
Cirjan Georgiana 10
Vranceanu Nicoleta 0
Biris Constantin 7
Iftimie Ioana 7
Mitrica Maria 0
Ungurean Alina 10
Florian Daniela 8
--------------------- 
7 TURBO CHARGERS
 4.571429 
--------------------- 
Druga Gheorghe 4
Dedu Nicolae 1
Fechete Gabriela 3
Codrea Gabriel 5
Hagiu Vasile 2
Angelescu Bogdan 8
Deliu Mariana 9
--------------------- 
7 TOUCANS
 5.428571 
--------------------- 
Mates Stefan 10
Oniga Catalin 7
Vass Ionela 4
Luta Adriana 3
Lupsa Valentin 0
Pascaru Ioan 6
Mladin George 8
--------------------- 
7 TNT
 2.571429 
--------------------- 
Galan Roxana 2
Leu Iulian 0
Burghelea Simona 3
Datcu Anamaria 2
Motoc Anca 7
Chirca Florentina 3
Furdui Ion 1
--------------------- 
7 TIGER LlLL YS
 8.571428 
--------------------- 
Geana Raluca 10
Moroianu Madalina 10
Prisecaru Iuliana 8
Badila Mirela 3
Ivanescu Diana 10
Catrina Irina 9
Angheluta Oana 10
--------------------- 
7 TEH DRAGONS
 7.142857 
--------------------- 
Belu Monica 9
Scutaru Claudia 0
Ana Loredana 7
Glavan Sorin 10
Pascariu Cosmin 10
Podaru Lucian 5
Borcea Ionel 9
--------------------- 
7 TEAM BUBBLICIOUS
 6.000000 
--------------------- 
Bucsa Vlad 5
Plesca Laura 3
Platon Corina 5
Dulgheru Ciprian 7
Floarea Ana 7
Dediu Dumitru 8
Balaci Ramona 7
--------------------- 
7 TARANTULAS
 5.714286 
--------------------- 
Chirea Ovidiu 9
Tuca Iulia 8
Ciocirlan Viorel 5
Vladut Valentina 10
Jurj Liliana 3
Mitrofan Radu 2
Vrinceanu Razvan 3
--------------------- 
7 
 6.000000 
--------------------- 
Nitulescu Oana-Maria 8
Coste Alin 6
Pricope Claudiu 6
Velea Carmen 6
Irimescu Catalina 10
Ciortan Robert 0
Vieriu Florina 6
--------------------- 
7 SUPER SISTERS
 2.571429 
--------------------- 
Balta Mircea 1
Zota Elena-Cristina 9
Bejenaru Alina-Elena 5
Maciuca Costel 0
Balla Dan 1
Bot Andreea-Elena 1
Gurau Camelia 1
--------------------- 
7 SUN DRAGONS
 5.714286 
--------------------- 
Dobrica Silviu 6
Pauna Dragos 4
Leahu Alina-Maria 6
Butoi Paul 9
Voinescu Maria-Cristina 7
Salagean Georgeta 7
Kocsis Laurentiu 1
--------------------- 
7 STRIKING COBRAS
 6.142857 
--------------------- 
Santa Vasilica 10
Kerekes Cristina-Elena 2
Tutuianu Petru 2
Grigoriu Liviu 10
Brinza Attila 5
Tanko Adina 5
Miclaus Andreea-Maria 9
--------------------- 
7 STINGRAYS
 6.000000 
--------------------- 
Murgu Cristina-Maria 8
Ticu Marinela 7
Bruma Veronica 10
Manciu Silvia 4
Mihoc Ileana 6
Borcan Alina-Mihaela 5
Ionel Victor 2
--------------------- 
7 STARLITE WARRIORS
 3.857143 
--------------------- 
Brasoveanu Ioana-Alexandra 0
Trasca Alexandra-Maria 2
Leca Zoltan 1
Rata Roxana-Elena 3
Oprisan Violeta 8
Stanculescu Anca-Maria 3
Badita Rodica 10
--------------------- 
7 SPRINTERS
 8.285714 
--------------------- 
Graur Ioana-Maria 7
Lazea Zsolt 8
Benea Ionut-Alexandru 8
Manu Sergiu 8
Gaman Viorica 10
Cocos Alexandru-Ionut 9
Nacu Ancuta 8
--------------------- 
7 SPEED DEMONS
 5.285714 
--------------------- 
Manaila Teodora 7
Giurca Andreea-Mihaela 7
Cuc Istvan 1
Lung Mihai-Alexandru 2
Stroie Timea 8
Stef Emilia 9
Nutu Andreea-Cristina 3
--------------------- 
7 SPARKLE GIRLS
 5.857143 
--------------------- 
Mathe Levente 10
Burciu Maria-Alexandra 9
Postelnicu Maria-Magdalena 9
Furtuna Cornelia 4
Calugaru Luminita 2
Vesa Eugen 5
Dumitras Elena-Alina 2
--------------------- 
7 SOCCER STARS
 4.428571 
--------------------- 
Varzaru Andrea 8
Suteu Tudor 5
Dragne Cornel 0
Bursuc Octavian 8
Ceausu Ilie 4
Tinca Elena-Andreea 0
Stratulat Lavinia 6
--------------------- 
7 SOCCER BRA TS
 3.142857 
--------------------- 
Blanaru Sebastian 1
Gorgan Stefania 6
Enciu Elena-Daniela 1
Mihaly Bogdan-Ionut 1
Balaceanu Danut 10
Mot Csaba 1
Chelu Roxana-Maria 2
--------------------- 
7 SNOW QUEENS
 3.857143 
--------------------- 
Din Alexandra-Ioana 3
Agache Bianca 2
Balasoiu Andra 8
Dinica Bogdan-Alexandru 7
Creanga Aurel 1
Iovan Alexandra-Elena 5
Laza Aurelia 1
--------------------- 
7 SMASHING CLOVERS
 5.428571 
--------------------- 
Cismaru Florian 9
Vornicu Nicusor 0
Zidaru Ionut-Daniel 4
Capraru Katalin 6
Prisacariu Paula 9
Vicol Marius-Ionut 6
Amza Petronela 4
--------------------- 
7 SKITTLES
 2.571429 
--------------------- 
Csiki Anca-Elena 7
Surugiu Mihail 1
Porumb Melinda 3
Hategan Ionut-Catalin 0
Ciorba Raluca-Elena 1
Bordei Diana-Maria 2
Fieraru Eniko 4
--------------------- 
7 SILVER STRIKE
 3.428571 
--------------------- 
Juganaru Erika 5
Danaila Andreea-Ioana 4
Marchis Alexandru-Mihai 4
Burtea Ioana-Cristina 1
Tudorica Laszlo 9
Iftime Alexandru-Cristian 0
Covrig Petrica 1
--------------------- 
7 SILVER KNIGHTS
 6.285714 
--------------------- 
Nicolaescu Marius-Cristian 7
Chelariu Dorina 10
Taranu Elena-Roxana 4
Purice Georgian 9
Safta Emil 2
Buzea Angela 5
Dita Dorin 7
--------------------- 
7 SHOOTING STARS
 3.857143 
--------------------- 
Hanganu Mihaita 3
Carstea Andrei-Alexandru 5
Muscalu Marius-Adrian 8
Ancuta Ionut-Cristian 3
Gutu Ionut-Adrian 4
Voiculescu Diana-Elena 0
Pascalau Elena-Alexandra 4
--------------------- 
7 SHARK BUSTERS
 3.857143 
--------------------- 
Nichita Elena-Mihaela 2
Corbu Adrian-Ionut 5
Stinga Andreea-Georgiana 0
Cioara Ioana-Andreea 6
Mogos Cristina-Mihaela 2
Voda Marius-Catalin 3
Lita Elena-Madalina 9
--------------------- 
7 SCREAMING EAGLES
 6.428571 
--------------------- 
Mezei Adelina 8
Ababei Andrei-Ionut 9
Dunca Ecaterina 10
Coca Szabolcs 4
Curca Alexandru-Daniel 8
Condurache Marilena 4
Chereches Lenuta 2
--------------------- 
7 SABRES
 3.000000 
--------------------- 
Ursachi George-Alexandru 1
Eremia Ionut-Bogdan 3
Sasu Andreea-Alexandra 8
Benedek Marius-Daniel 0
Minca Anisoara 7
Vancea Kinga 1
Ioana Oana-Andreea 1
--------------------- 
7 MUD DOGS
 3.571429 
--------------------- 
Olar Maria-Madalina 1
Pirvulescu Lidia 0
Raduta Oana-Alexandra 10
Nanu Alina-Georgiana 0
Tugui Ioan-Alexandru 3
Badulescu Alexandru-Gabriel 10

 Simona-Elena 1
--------------------- 
7 MIRAGE
 5.857143 
--------------------- 
Bora Marin 2
Jitaru Gheorghita 6
Botez Tiberiu 3
Zamfirescu Ramona-Elena 8
Tabacaru Oana-Elena 4
Goga Emanuel 10
Urs Raluca-Maria 8
--------------------- 
7 MIGHTY SONS
 3.857143 
--------------------- 
Paul Sorina 7
Gherghel Mihaela-Cristina 5
Costan Teodor 1
Stoican Tunde 4
Vladescu Alina-Cristina 2
Gruia Andreea-Roxana 6
Androne Catalin-Ionut 2
--------------------- 
7 MIGHTY LIONS
 6.142857 
--------------------- 
Abrudan Petre 9
Kadar Marcel 2
Joita Adela 7
Doroftei Maria-Mirabela 1
Nicolau Geanina 7
Ureche Costin 7
Lepadatu Elena-Loredana 10
--------------------- 
7 MIDNIGHT RAIDERS
 3.285714 
--------------------- 
Cristache Calin 8
Bulai Roxana-Mihaela 0
Virlan Annamaria 4
Gherghina Marius-Alexandru 0
Fabian Maria-Mihaela 10
Jakab Elisabeta 0
Buruiana Csilla 1
--------------------- 
7 MEN IN BLUE
 4.285714 
--------------------- 
Antonescu Alexandra-Mihaela 1
Pascal Dana 6
Danci Marius-Florin 8
Lacatusu Zsuzsanna 4
Goia Marius-Gabriel 3
Iosub Florica 6
Bordeianu Alexandru-Marian 2
--------------------- 
7 MAROON MONKEYS
 6.142857 
--------------------- 
Stuparu Mihai-Adrian 10
Vilceanu Alexandru-Nicolae 7
Stoicescu Alexandru-Florin 9
Bartha Andreea-Nicoleta 2
Balas Beata 4
Valeanu Aurelian 7
Gliga Alexandru-Constantin 4
--------------------- 
7 MAJOR TROUBLE 
 5.428571 
--------------------- 
Loghin Reka 6
Lup George-Cristian 4
Jipa Oana-Mihaela 8
Lixandru Alexandru-Bogdan 8
Ambrus Cristian-Ionut 8
Gavrilescu Madalin 0
Pruna Ildiko 4
--------------------- 
7 FURY
 5.714286 
--------------------- 
Manescu Constantin-Cosmin 9
Onica Ruxandra 8
Maria Monika 8
Bala Alexandru-Ioan 8
Vacaru Bogdan-Andrei 3
Cernea Orsolya 3
Borza Larisa 1
--------------------- 
7 FLYING DRAGONS
 5.571429 
--------------------- 
Traistaru Tatiana 9
Tudoran Andrei-Cristian 7
Barna Eva 6
Miklos Marius-Constantin 9
Mardare Dan-Alexandru 2
Rotar Adrian-Florin 2
Cruceru Mihai-Cristian 4
--------------------- 
7 FLAMES
 3.428571 
--------------------- 
Bordea Alina-Gabriela 6
Oana Elena-Ramona 0
Petrut Mihai-Andrei 4
Denes Noemi 8
Avramescu Bogdan-Constantin 5
Panaite Adrian-Nicolae 1
Velicu Gina 0
--------------------- 
7 FIREHAWKS
 5.857143 
--------------------- 
Mihaescu Ionica 9
Butnariu Florin-Alexandru 3
Neag Eduard 7
Cimpeanu Raluca-Ioana 0
Ferencz Alexandra-Cristina 8
Mutu Oana-Cristina 8
Fekete Razvan-Ionut 6
--------------------- 
7 FIREBOLTS
 5.714286 
--------------------- 
Ciornei Mioara 10
Tiron Vlad-Alexandru 4
Szakacs George-Adrian 7
Cimpean Marina 1
Mate Felicia 5
Negrila Constantin-Catalin 4
Craciunescu Manuela 9
--------------------- 
7 FIRE BLASTERS
 5.142857 
--------------------- 
Tomoiaga George-Daniel 4
Pirvan Alina-Nicoleta 7
Margarit Elena-Gabriela 8
Dragnea Stelian 2
Nastasa Daniela-Elena 7
Macarie Florin-Adrian 3
Stana Florin-Daniel 5
--------------------- 
7 FIGHTING IRISH 
 7.571429 
--------------------- 
Eftimie Angelica 9
Mihali Andreea-Daniela 4
Papuc Emoke 10
Bran Andreea-Gabriela 9
Andreica Bogdan-Mihai 6
Ivanov Cristinel 5
Muraru Maria-Andreea 10
--------------------- 
7 AZTEC
 5.857143 
--------------------- 
Mincu Delia 7
Condrea Daniel-Ionut 0
Comanescu Simona-Maria 3
Mihu Constantin-Daniel 10
Cadar Ionut-Marius 6
Botea Alina-Ioana 10
Andreescu Anca-Mihaela 5
--------------------- 
7 ATLAS
 5.714286 
--------------------- 
Obreja Cristiana 0
Anghelescu Emese 5
Mihut Ionut-Valentin 10
Vizitiu Ionut-Gabriel 8
Trofin Emanuela 10
Poenaru Marius-Andrei 2
Hutanu Florentin 5
--------------------- 
7 ANNIHILATORS
 5.000000 
--------------------- 
Todoran Mihai-Daniel 3
Amariei Lacramioara 10
Dragusin Andreea-Madalina 3
Turcanu Sandor 4
Frincu Eugenia 2
Tita Iosif 4
Fazakas Mihaela-Andreea 9
--------------------- 
7 AMERICAN EAGLES
 7.000000 
--------------------- 
Deak Maria-Alina 8
Bercea Doina 10
Mitrache Denisa 6
Truta Livia 0
Dina Natalia 8
Badiu Maria-Daniela 7
Papp Izabella 10
--------------------- 
7 ALIGATORS 
 5.571429 
--------------------- 
Nicu Elena-Simona 1
Baluta Cristian-Alexandru 5
Olah Alin-Ionut 8
Neculai Raluca-Mihaela 7
Ciocoiu Elena-Raluca 7
Balog Elena-Georgiana 4
Sanda Madalina-Elena 7
--------------------- 
7 Fratii Camataru
 6.428571 
--------------------- 
Mustata Ioana-Raluca 5
Demian Ionut-Alin 7
Ciubotariu Cristina-Andreea 8
Vilcu Alina-Florentina 3
Bogdan Iulia-Maria 8
Marinescu Virgil 9
Costache Marcela 5
--------------------- 
7 Specii
 7.428571 
--------------------- 
Muntean Alin-Constantin 9
Georgescu Adrian-Mihai 5
Nedelcu Ramona-Maria 4
Alexandru Adrian-Ioan 9
Dan Adrian-Constantin 8
Suciu Alexandru-Catalin 9
Neacsu Anca-Ioana 8
--------------------- 
7 Monster
 5.714286 
--------------------- 
Baciu Andrada 6
Paun Mihaela-Gabriela 7
Zaharia Alina-Andreea 3
Rotaru Bogdan-Nicolae 10
Marcu Cosmin-Ionut 2
Ghita Andreea-Raluca 9
Costea Florin-Cristian 3
--------------------- 
7 Iuby Duby
 5.428571 
--------------------- 
Cretu Petruta 9
Szabo Marioara 4
David Florin-Catalin 1
Diaconu Mihai-Bogdan 7
Calin Ionut-Andrei 9
Luca Carmen-Elena 6
Stancu Cristina-Alexandra 2
--------------------- 
7 Legalize
 4.857143 
--------------------- 
Dragan Constantin-Adrian 1
Rus Ionut-Cosmin 10
Stoian Loredana-Elena 0
Avram Razvan-Alexandru 4
Bucur Alexandru-Adrian 9
Filip Andrei-Bogdan 10
Pavel Ioana-Alina 0
--------------------- 
7 Free runing boys
 5.000000 
--------------------- 
Rosu Jozsef 1
Olteanu Dumitru-Daniel 4
Nita Dorel 2
Nistor Magdalena 10
Iacob Laura-Elena 9
Iancu Andrei-Mihai 6
Simion Mihai-Gabriel 3
--------------------- 
7 Clanu Nicula
 5.000000 
--------------------- 
Dumitrescu Corina-Elena 4
Roman Andrei-Catalin 4
Nicolae Norbert 4
Nagy George-Catalin 7
Manea Traian 5
Ene Roxana-Andreea 5
Lungu Bogdan-Florin 6
--------------------- 
7 Fair Play
 5.285714 
--------------------- 
Petre Mihaela-Elena 6
Coman Diana-Alexandra 7
Preda Elena-Diana 2
Tanase Cristina-Ioana 2
Lupu Adriana-Maria 6
Muresan Valerica 8
Cojocaru Adrian-Vasile 6
--------------------- 
7 Jiga Dragos
 5.000000 
--------------------- 
Iordache Nicolae-Adrian 7
Dobre Alexandru-Stefan 9
Ivan Emilian 4
Craciun Amalia 10
Balan Ioan-Adrian 0
Voicu Ioana-Roxana 1
Grigore Ionut-Marian 4
--------------------- 
7 Defending Champs
 7.571429 
--------------------- 
Mocanu Bogdan-Gabriel 10
Vlad Mihaela-Alina 7
Dragomir Marius-Bogdan 10
Badea Vladimir 2
Enache Marius-Nicolae 8
Neagu Andrei-Daniel 7
Ionita Cristian-Florin 9
--------------------- 
7 The Drifters
 7.142857 
--------------------- 
Cristea Alexandru-Marius 7
Barbu Vasile-Adrian 3
Anghel Erzsebet 10
Ungureanu Tamas 7
Dinu Claudia-Elena 10
Andrei Lorand 10
Ion Cosmina 3
--------------------- 
7 Magnificent Maniacs
 4.714286 
--------------------- 
Sandu Bogdan-Ioan 10
Stanci Alexandru-Iulian 0
Tudor Ioana-Mihaela 6
Moldovan Andra-Maria 4
Florea Mihai-Catalin 0

 Cristian-Mihai 5
Oprea Otilia 8
--------------------- 
7 Between a Walk and a Hard Pace
 6.000000 
--------------------- 
Ilie Ionut-Florin 10
Munteanu Cosmin-Alexandru 0
Vasile Grigore 2
Lazar Marius-Mihai 10
Stefan Andreea-Catalina 9
Marin Cristina-Gabriela 4
Constantin Alexandra-Georgiana 7
--------------------- 
7 Backhanded Compliments
 4.714286 
--------------------- 
Serban Cristina-Daniela 3
Mihai Andreea-Simona 5
Rusu Alina-Daniela 7
Ionescu Maria-Roxana 8
Ciobanu Elena-Claudia 1
Matei Marius-Valentin 3
Gheorghe Victoria 6
--------------------- 
7 The Waiver Wire
 4.142857 
--------------------- 
Stoica Andrei 0
Stan Adrian 4
Dumitru Elena 1
Radu Andreea 2
Pop Mihaela 6
Popescu Alexandru 10
Popa Ana-Maria 6
--------------------- 
